  console.cpp
C:\Users\user\Desktop\shootingConsoleGame_final_client\console.cpp(12,16): warning C4838:  'int'에서 'SHORT'(으)로의 변환에는 축소 변환이 필요합니다.
  enemy.cpp
C:\Users\user\Desktop\shootingConsoleGame_final_client\console.cpp(12,23): warning C4838:  'int'에서 'SHORT'(으)로의 변환에는 축소 변환이 필요합니다.
  main.cpp
C:\Users\user\Desktop\shootingConsoleGame_final_client\enemy.cpp(49,12): warning C4244:  '인수': 'time_t'에서 'unsigned int'(으)로 변환하면서 데이터가 손실될 수 있습니다.
C:\Users\user\Desktop\shootingConsoleGame_final_client\main.cpp(52,31): warning C4244:  '인수': 'double'에서 'int'(으)로 변환하면서 데이터가 손실될 수 있습니다.
C:\Users\user\Desktop\shootingConsoleGame_final_client\main.cpp(52,17): warning C4244:  '인수': 'double'에서 'int'(으)로 변환하면서 데이터가 손실될 수 있습니다.
C:\Users\user\Desktop\shootingConsoleGame_final_client\main.cpp(90,37): warning C4244:  '인수': 'double'에서 'int'(으)로 변환하면서 데이터가 손실될 수 있습니다.
C:\Users\user\Desktop\shootingConsoleGame_final_client\main.cpp(90,16): warning C4244:  '인수': 'double'에서 'int'(으)로 변환하면서 데이터가 손실될 수 있습니다.
C:\Users\user\Desktop\shootingConsoleGame_final_client\main.cpp(92,37): warning C4244:  '인수': 'double'에서 'int'(으)로 변환하면서 데이터가 손실될 수 있습니다.
C:\Users\user\Desktop\shootingConsoleGame_final_client\main.cpp(92,16): warning C4244:  '인수': 'double'에서 'int'(으)로 변환하면서 데이터가 손실될 수 있습니다.
C:\Users\user\Desktop\shootingConsoleGame_final_client\main.cpp(94,37): warning C4244:  '인수': 'double'에서 'int'(으)로 변환하면서 데이터가 손실될 수 있습니다.
C:\Users\user\Desktop\shootingConsoleGame_final_client\main.cpp(94,16): warning C4244:  '인수': 'double'에서 'int'(으)로 변환하면서 데이터가 손실될 수 있습니다.
C:\Users\user\Desktop\shootingConsoleGame_final_client\main.cpp(209,31): warning C4244:  '인수': 'double'에서 'int'(으)로 변환하면서 데이터가 손실될 수 있습니다.
  mysql.cpp
C:\Users\user\Desktop\shootingConsoleGame_final_client\main.cpp(209,17): warning C4244:  '인수': 'double'에서 'int'(으)로 변환하면서 데이터가 손실될 수 있습니다.
C:\Users\user\Desktop\shootingConsoleGame_final_client\mysql.cpp(13,30): warning C4244:  '인수': 'double'에서 'int'(으)로 변환하면서 데이터가 손실될 수 있습니다.
  player.cpp
C:\Users\user\Desktop\shootingConsoleGame_final_client\mysql.cpp(13,15): warning C4244:  '인수': 'double'에서 'int'(으)로 변환하면서 데이터가 손실될 수 있습니다.
C:\Users\user\Desktop\shootingConsoleGame_final_client\player.cpp(4,21): warning C4244:  '=': 'double'에서 'int'(으)로 변환하면서 데이터가 손실될 수 있습니다.
  print.cpp
C:\Users\user\Desktop\shootingConsoleGame_final_client\player.cpp(5,22): warning C4244:  '=': 'double'에서 'int'(으)로 변환하면서 데이터가 손실될 수 있습니다.
C:\Users\user\Desktop\shootingConsoleGame_final_client\print.cpp(34,14): warning C4244:  '초기화 중': 'double'에서 'int'(으)로 변환하면서 데이터가 손실될 수 있습니다.
C:\Users\user\Desktop\shootingConsoleGame_final_client\print.cpp(37,22): warning C4244:  '인수': 'double'에서 'int'(으)로 변환하면서 데이터가 손실될 수 있습니다.
C:\Users\user\Desktop\shootingConsoleGame_final_client\print.cpp(39,36): warning C4244:  '인수': 'double'에서 'int'(으)로 변환하면서 데이터가 손실될 수 있습니다.
C:\Users\user\Desktop\shootingConsoleGame_final_client\print.cpp(39,16): warning C4244:  '인수': 'double'에서 'int'(으)로 변환하면서 데이터가 손실될 수 있습니다.
C:\Users\user\Desktop\shootingConsoleGame_final_client\print.cpp(41,30): warning C4244:  '인수': 'double'에서 'int'(으)로 변환하면서 데이터가 손실될 수 있습니다.
C:\Users\user\Desktop\shootingConsoleGame_final_client\print.cpp(41,16): warning C4244:  '인수': 'double'에서 'int'(으)로 변환하면서 데이터가 손실될 수 있습니다.
C:\Users\user\Desktop\shootingConsoleGame_final_client\print.cpp(43,36): warning C4244:  '인수': 'double'에서 'int'(으)로 변환하면서 데이터가 손실될 수 있습니다.
C:\Users\user\Desktop\shootingConsoleGame_final_client\print.cpp(43,16): warning C4244:  '인수': 'double'에서 'int'(으)로 변환하면서 데이터가 손실될 수 있습니다.
C:\Users\user\Desktop\shootingConsoleGame_final_client\print.cpp(49,59): warning C4244:  '=': 'double'에서 'int'(으)로 변환하면서 데이터가 손실될 수 있습니다.
C:\Users\user\Desktop\shootingConsoleGame_final_client\print.cpp(54,59): warning C4244:  '=': 'double'에서 'int'(으)로 변환하면서 데이터가 손실될 수 있습니다.
C:\Users\user\Desktop\shootingConsoleGame_final_client\print.cpp(68,29): warning C4244:  '인수': 'double'에서 'int'(으)로 변환하면서 데이터가 손실될 수 있습니다.
C:\Users\user\Desktop\shootingConsoleGame_final_client\print.cpp(68,15): warning C4244:  '인수': 'double'에서 'int'(으)로 변환하면서 데이터가 손실될 수 있습니다.
C:\Users\user\Desktop\shootingConsoleGame_final_client\print.cpp(94,29): warning C4244:  '인수': 'double'에서 'int'(으)로 변환하면서 데이터가 손실될 수 있습니다.
C:\Users\user\Desktop\shootingConsoleGame_final_client\print.cpp(94,15): warning C4244:  '인수': 'double'에서 'int'(으)로 변환하면서 데이터가 손실될 수 있습니다.
C:\Users\user\Desktop\shootingConsoleGame_final_client\print.cpp(96,35): warning C4244:  '인수': 'double'에서 'int'(으)로 변환하면서 데이터가 손실될 수 있습니다.
C:\Users\user\Desktop\shootingConsoleGame_final_client\print.cpp(96,15): warning C4244:  '인수': 'double'에서 'int'(으)로 변환하면서 데이터가 손실될 수 있습니다.
C:\Users\user\Desktop\shootingConsoleGame_final_client\print.cpp(98,35): warning C4244:  '인수': 'double'에서 'int'(으)로 변환하면서 데이터가 손실될 수 있습니다.
C:\Users\user\Desktop\shootingConsoleGame_final_client\print.cpp(98,15): warning C4244:  '인수': 'double'에서 'int'(으)로 변환하면서 데이터가 손실될 수 있습니다.
C:\Users\user\Desktop\shootingConsoleGame_final_client\print.cpp(100,35): warning C4244:  '인수': 'double'에서 'int'(으)로 변환하면서 데이터가 손실될 수 있습니다.
C:\Users\user\Desktop\shootingConsoleGame_final_client\print.cpp(100,15): warning C4244:  '인수': 'double'에서 'int'(으)로 변환하면서 데이터가 손실될 수 있습니다.
C:\Users\user\Desktop\shootingConsoleGame_final_client\print.cpp(102,35): warning C4244:  '인수': 'double'에서 'int'(으)로 변환하면서 데이터가 손실될 수 있습니다.
C:\Users\user\Desktop\shootingConsoleGame_final_client\print.cpp(102,15): warning C4244:  '인수': 'double'에서 'int'(으)로 변환하면서 데이터가 손실될 수 있습니다.
C:\Users\user\Desktop\shootingConsoleGame_final_client\print.cpp(104,35): warning C4244:  '인수': 'double'에서 'int'(으)로 변환하면서 데이터가 손실될 수 있습니다.
C:\Users\user\Desktop\shootingConsoleGame_final_client\print.cpp(104,15): warning C4244:  '인수': 'double'에서 'int'(으)로 변환하면서 데이터가 손실될 수 있습니다.
C:\Users\user\Desktop\shootingConsoleGame_final_client\print.cpp(106,35): warning C4244:  '인수': 'double'에서 'int'(으)로 변환하면서 데이터가 손실될 수 있습니다.
C:\Users\user\Desktop\shootingConsoleGame_final_client\print.cpp(106,15): warning C4244:  '인수': 'double'에서 'int'(으)로 변환하면서 데이터가 손실될 수 있습니다.
C:\Users\user\Desktop\shootingConsoleGame_final_client\print.cpp(108,35): warning C4244:  '인수': 'double'에서 'int'(으)로 변환하면서 데이터가 손실될 수 있습니다.
C:\Users\user\Desktop\shootingConsoleGame_final_client\print.cpp(108,15): warning C4244:  '인수': 'double'에서 'int'(으)로 변환하면서 데이터가 손실될 수 있습니다.
C:\Users\user\Desktop\shootingConsoleGame_final_client\print.cpp(110,35): warning C4244:  '인수': 'double'에서 'int'(으)로 변환하면서 데이터가 손실될 수 있습니다.
C:\Users\user\Desktop\shootingConsoleGame_final_client\print.cpp(110,15): warning C4244:  '인수': 'double'에서 'int'(으)로 변환하면서 데이터가 손실될 수 있습니다.
C:\Users\user\Desktop\shootingConsoleGame_final_client\print.cpp(112,35): warning C4244:  '인수': 'double'에서 'int'(으)로 변환하면서 데이터가 손실될 수 있습니다.
C:\Users\user\Desktop\shootingConsoleGame_final_client\print.cpp(112,15): warning C4244:  '인수': 'double'에서 'int'(으)로 변환하면서 데이터가 손실될 수 있습니다.
C:\Users\user\Desktop\shootingConsoleGame_final_client\print.cpp(114,35): warning C4244:  '인수': 'double'에서 'int'(으)로 변환하면서 데이터가 손실될 수 있습니다.
C:\Users\user\Desktop\shootingConsoleGame_final_client\print.cpp(114,15): warning C4244:  '인수': 'double'에서 'int'(으)로 변환하면서 데이터가 손실될 수 있습니다.
C:\Users\user\Desktop\shootingConsoleGame_final_client\print.cpp(116,35): warning C4244:  '인수': 'double'에서 'int'(으)로 변환하면서 데이터가 손실될 수 있습니다.
C:\Users\user\Desktop\shootingConsoleGame_final_client\print.cpp(116,15): warning C4244:  '인수': 'double'에서 'int'(으)로 변환하면서 데이터가 손실될 수 있습니다.
C:\Users\user\Desktop\shootingConsoleGame_final_client\print.cpp(118,35): warning C4244:  '인수': 'double'에서 'int'(으)로 변환하면서 데이터가 손실될 수 있습니다.
  코드를 생성하고 있습니다...
C:\Users\user\Desktop\shootingConsoleGame_final_client\print.cpp(118,15): warning C4244:  '인수': 'double'에서 'int'(으)로 변환하면서 데이터가 손실될 수 있습니다.
  shootingConsoleGame_final_client.vcxproj -> C:\Users\user\Desktop\shootingConsoleGame_final_client\x64\Debug\shootingConsoleGame_final_client.exe
